GIFT_ML-Differential,0,0.88,0.043,0.93,0.0273
GIFT_ML-Differential,1,0.88,0.0424,0.93,0.0253
GIFT_ML-Differential,2,0.88,0.0413,0.94,0.0244
GIFT_ML-Differential,3,0.88,0.0405,0.93,0.0278
GIFT_ML-Differential,4,0.88,0.0409,0.95,0.0224
GIFT_ML-Differential,5,0.89,0.0393,0.96,0.0173
GIFT_ML-Differential,6,0.89,0.038,0.91,0.0329
GIFT_ML-Differential,7,0.9,0.0333,0.92,0.0311
GIFT_ML-Differential,8,0.91,0.0308,0.92,0.0244
GIFT_ML-Differential,9,0.9,0.0301,0.97,0.0111
GIFT_ML-Differential,10,0.91,0.0302,0.95,0.0183
GIFT_ML-Differential,11,0.91,0.0301,0.94,0.0221
GIFT_ML-Differential,12,0.91,0.0299,0.93,0.0243
GIFT_ML-Differential,13,0.9,0.0311,0.94,0.0201
GIFT_ML-Differential,14,0.9,0.0315,0.95,0.0176
GIFT_ML-Differential,15,0.91,0.0282,0.95,0.0206
GIFT_ML-Differential,16,0.9,0.0299,0.94,0.02
GIFT_ML-Differential,17,0.91,0.0292,0.96,0.014
GIFT_ML-Differential,18,0.9,0.029,0.94,0.0204
GIFT_ML-Differential,19,0.89,0.0296,0.94,0.0257
GIFT_ML-Differential,20,0.89,0.0282,0.91,0.0297
GIFT_ML-Differential,21,0.9,0.0276,0.95,0.0193
GIFT_ML-Differential,22,0.9,0.0262,0.96,0.0147
GIFT_ML-Differential,23,0.9,0.028,0.94,0.0197
GIFT_ML-Differential,24,0.9,0.0275,0.97,0.0138
