GIFT_ML-Differential,0,0.27,0.1876,0.19,0.1879
GIFT_ML-Differential,1,0.28,0.1869,0.23,0.1879
GIFT_ML-Differential,2,0.3,0.1852,0.29,0.1864
GIFT_ML-Differential,3,0.35,0.184,0.24,0.1895
GIFT_ML-Differential,4,0.34,0.183,0.24,0.1903
GIFT_ML-Differential,5,0.39,0.1794,0.3,0.1915
GIFT_ML-Differential,6,0.41,0.176,0.28,0.1918
GIFT_ML-Differential,7,0.43,0.174,0.25,0.1944
GIFT_ML-Differential,8,0.44,0.1701,0.25,0.1997
GIFT_ML-Differential,9,0.46,0.1679,0.23,0.2039
GIFT_ML-Differential,10,0.49,0.1592,0.2,0.2211
GIFT_ML-Differential,11,0.58,0.1441,0.29,0.2123
GIFT_ML-Differential,12,0.59,0.1361,0.23,0.242
GIFT_ML-Differential,13,0.55,0.1393,0.26,0.2339
GIFT_ML-Differential,14,0.62,0.1245,0.28,0.2409
GIFT_ML-Differential,15,0.6,0.1284,0.25,0.2277
GIFT_ML-Differential,16,0.69,0.1049,0.21,0.2537
GIFT_ML-Differential,17,0.68,0.1096,0.24,0.2524
GIFT_ML-Differential,18,0.76,0.0926,0.23,0.2573
GIFT_ML-Differential,19,0.78,0.0804,0.23,0.2533
GIFT_ML-Differential,20,0.77,0.0794,0.25,0.2618
GIFT_ML-Differential,21,0.82,0.0696,0.25,0.2615
GIFT_ML-Differential,22,0.86,0.0554,0.28,0.2541
GIFT_ML-Differential,23,0.81,0.0652,0.29,0.2545
GIFT_ML-Differential,24,0.92,0.0416,0.24,0.2647
