GIFT_ML-Differential,0,0.85,0.0426,0.91,0.0328
GIFT_ML-Differential,1,0.93,0.0284,0.94,0.0215
GIFT_ML-Differential,2,0.94,0.0226,0.9,0.0292
GIFT_ML-Differential,3,0.95,0.0203,0.93,0.0261
GIFT_ML-Differential,4,0.96,0.0205,0.91,0.0276
GIFT_ML-Differential,5,0.96,0.0181,0.94,0.0185
GIFT_ML-Differential,6,0.97,0.0155,0.93,0.0237
GIFT_ML-Differential,7,0.96,0.0164,0.91,0.0308
GIFT_ML-Differential,8,0.95,0.0182,0.94,0.0212
GIFT_ML-Differential,9,0.94,0.0229,0.9,0.0358
GIFT_ML-Differential,10,0.95,0.0184,0.9,0.0379
GIFT_ML-Differential,11,0.96,0.0158,0.92,0.0303
GIFT_ML-Differential,12,0.97,0.0125,0.91,0.0373
GIFT_ML-Differential,13,0.97,0.0123,0.93,0.0287
GIFT_ML-Differential,14,0.97,0.0133,0.92,0.028
GIFT_ML-Differential,15,0.97,0.0144,0.92,0.029
GIFT_ML-Differential,16,0.96,0.0142,0.93,0.0273
GIFT_ML-Differential,17,0.97,0.012,0.92,0.0331
GIFT_ML-Differential,18,0.97,0.0121,0.95,0.0185
GIFT_ML-Differential,19,0.97,0.0117,0.92,0.0302
GIFT_ML-Differential,20,0.96,0.0131,0.89,0.0381
GIFT_ML-Differential,21,0.96,0.0131,0.95,0.0159
GIFT_ML-Differential,22,0.96,0.0123,0.93,0.0266
GIFT_ML-Differential,23,0.96,0.0123,0.94,0.0191
GIFT_ML-Differential,24,0.96,0.014,0.95,0.0167
