GIFT_ML-Differential,0,0.23,0.1877,0.27,0.1876
GIFT_ML-Differential,1,0.28,0.1872,0.3,0.1876
GIFT_ML-Differential,2,0.29,0.1859,0.26,0.1892
GIFT_ML-Differential,3,0.35,0.1829,0.22,0.1949
GIFT_ML-Differential,4,0.39,0.1797,0.24,0.1957
GIFT_ML-Differential,5,0.36,0.1775,0.26,0.1916
GIFT_ML-Differential,6,0.38,0.1766,0.24,0.1977
GIFT_ML-Differential,7,0.43,0.1686,0.24,0.2032
GIFT_ML-Differential,8,0.45,0.1659,0.23,0.2209
GIFT_ML-Differential,9,0.47,0.1643,0.24,0.2098
GIFT_ML-Differential,10,0.51,0.1647,0.27,0.2089
GIFT_ML-Differential,11,0.48,0.1622,0.33,0.2029
GIFT_ML-Differential,12,0.54,0.1569,0.28,0.2088
GIFT_ML-Differential,13,0.55,0.1514,0.28,0.21
GIFT_ML-Differential,14,0.56,0.1472,0.29,0.2131
GIFT_ML-Differential,15,0.54,0.1501,0.27,0.2232
GIFT_ML-Differential,16,0.55,0.1467,0.21,0.2387
GIFT_ML-Differential,17,0.58,0.1423,0.21,0.2355
GIFT_ML-Differential,18,0.62,0.1353,0.28,0.2221
GIFT_ML-Differential,19,0.6,0.1325,0.23,0.2317
GIFT_ML-Differential,20,0.62,0.1282,0.24,0.2382
GIFT_ML-Differential,21,0.66,0.1245,0.2,0.2407
GIFT_ML-Differential,22,0.61,0.1317,0.23,0.2417
GIFT_ML-Differential,23,0.65,0.1218,0.23,0.2367
GIFT_ML-Differential,24,0.69,0.1157,0.21,0.2511
