GIFT_ML-Differential,0,0.52,0.1528,0.6,0.1298
GIFT_ML-Differential,1,0.58,0.1373,0.57,0.1314
GIFT_ML-Differential,2,0.58,0.1303,0.62,0.1211
GIFT_ML-Differential,3,0.66,0.1216,0.7,0.1081
GIFT_ML-Differential,4,0.68,0.1132,0.61,0.1313
GIFT_ML-Differential,5,0.71,0.1053,0.64,0.1203
GIFT_ML-Differential,6,0.7,0.0969,0.62,0.1268
GIFT_ML-Differential,7,0.79,0.0793,0.58,0.1395
GIFT_ML-Differential,8,0.79,0.079,0.69,0.1235
GIFT_ML-Differential,9,0.72,0.0893,0.59,0.1398
GIFT_ML-Differential,10,0.79,0.0705,0.6,0.1422
GIFT_ML-Differential,11,0.76,0.079,0.61,0.1373
GIFT_ML-Differential,12,0.83,0.0626,0.69,0.1223
GIFT_ML-Differential,13,0.88,0.0563,0.66,0.1381
GIFT_ML-Differential,14,0.9,0.0473,0.67,0.1274
GIFT_ML-Differential,15,0.91,0.0422,0.66,0.1337
GIFT_ML-Differential,16,0.88,0.046,0.64,0.1348
GIFT_ML-Differential,17,0.9,0.0461,0.61,0.1621
GIFT_ML-Differential,18,0.86,0.0524,0.62,0.1405
GIFT_ML-Differential,19,0.85,0.0563,0.63,0.1486
GIFT_ML-Differential,20,0.88,0.0482,0.58,0.1632
GIFT_ML-Differential,21,0.93,0.0293,0.64,0.138
GIFT_ML-Differential,22,0.92,0.0318,0.59,0.1614
GIFT_ML-Differential,23,0.87,0.0472,0.58,0.1695
GIFT_ML-Differential,24,0.94,0.0251,0.61,0.1605
