GIFT_ML-Differential,0,0.25,0.1876,0.28,0.1878
GIFT_ML-Differential,1,0.3,0.1862,0.29,0.1868
GIFT_ML-Differential,2,0.33,0.1843,0.28,0.185
GIFT_ML-Differential,3,0.29,0.1807,0.25,0.1876
GIFT_ML-Differential,4,0.36,0.1793,0.24,0.1928
GIFT_ML-Differential,5,0.4,0.1702,0.36,0.1847
GIFT_ML-Differential,6,0.45,0.1667,0.27,0.1892
GIFT_ML-Differential,7,0.46,0.1639,0.27,0.1977
GIFT_ML-Differential,8,0.52,0.1542,0.32,0.2014
GIFT_ML-Differential,9,0.52,0.1497,0.28,0.2217
GIFT_ML-Differential,10,0.53,0.143,0.27,0.2206
GIFT_ML-Differential,11,0.57,0.1366,0.31,0.2224
GIFT_ML-Differential,12,0.64,0.1182,0.34,0.2039
GIFT_ML-Differential,13,0.62,0.1249,0.28,0.2317
GIFT_ML-Differential,14,0.7,0.1099,0.34,0.2348
GIFT_ML-Differential,15,0.72,0.0967,0.3,0.2341
GIFT_ML-Differential,16,0.75,0.0866,0.28,0.2375
GIFT_ML-Differential,17,0.74,0.0852,0.34,0.2351
GIFT_ML-Differential,18,0.79,0.0754,0.27,0.2531
GIFT_ML-Differential,19,0.78,0.0742,0.26,0.2606
GIFT_ML-Differential,20,0.84,0.0585,0.32,0.256
GIFT_ML-Differential,21,0.83,0.0655,0.26,0.277
GIFT_ML-Differential,22,0.85,0.0538,0.3,0.2619
GIFT_ML-Differential,23,0.85,0.0535,0.27,0.2598
GIFT_ML-Differential,24,0.88,0.0513,0.26,0.2795
