GIFT_ML-Differential,0,0.58,0.1378,0.58,0.1365
GIFT_ML-Differential,1,0.64,0.1216,0.61,0.1269
GIFT_ML-Differential,2,0.7,0.1056,0.61,0.1317
GIFT_ML-Differential,3,0.74,0.0937,0.63,0.123
GIFT_ML-Differential,4,0.75,0.0898,0.61,0.1305
GIFT_ML-Differential,5,0.76,0.0869,0.65,0.1208
GIFT_ML-Differential,6,0.78,0.0841,0.69,0.1145
GIFT_ML-Differential,7,0.79,0.0801,0.66,0.1084
GIFT_ML-Differential,8,0.81,0.0742,0.63,0.1231
GIFT_ML-Differential,9,0.8,0.073,0.65,0.1131
GIFT_ML-Differential,10,0.81,0.0693,0.7,0.1013
GIFT_ML-Differential,11,0.83,0.0651,0.61,0.1331
GIFT_ML-Differential,12,0.85,0.0602,0.62,0.1268
GIFT_ML-Differential,13,0.86,0.0568,0.6,0.1259
GIFT_ML-Differential,14,0.88,0.0534,0.58,0.1329
GIFT_ML-Differential,15,0.9,0.0489,0.64,0.1271
GIFT_ML-Differential,16,0.89,0.0474,0.69,0.1137
GIFT_ML-Differential,17,0.89,0.046,0.68,0.1214
GIFT_ML-Differential,18,0.85,0.0518,0.64,0.1407
GIFT_ML-Differential,19,0.85,0.0509,0.68,0.1104
GIFT_ML-Differential,20,0.85,0.0539,0.66,0.1289
GIFT_ML-Differential,21,0.85,0.0533,0.64,0.1388
GIFT_ML-Differential,22,0.91,0.0413,0.58,0.1509
GIFT_ML-Differential,23,0.93,0.0373,0.64,0.133
GIFT_ML-Differential,24,0.91,0.0395,0.61,0.14
