GIFT_ML-Differential,0,0.26,0.1877,0.23,0.188
GIFT_ML-Differential,1,0.27,0.1875,0.27,0.1882
GIFT_ML-Differential,2,0.29,0.1868,0.28,0.1885
GIFT_ML-Differential,3,0.36,0.1847,0.24,0.1918
GIFT_ML-Differential,4,0.32,0.1838,0.27,0.1932
GIFT_ML-Differential,5,0.4,0.1803,0.26,0.1943
GIFT_ML-Differential,6,0.36,0.1788,0.27,0.1985
GIFT_ML-Differential,7,0.41,0.174,0.26,0.2018
GIFT_ML-Differential,8,0.44,0.1674,0.24,0.2106
GIFT_ML-Differential,9,0.51,0.161,0.23,0.206
GIFT_ML-Differential,10,0.52,0.1598,0.2,0.2231
GIFT_ML-Differential,11,0.53,0.1556,0.27,0.216
GIFT_ML-Differential,12,0.52,0.1553,0.25,0.2166
GIFT_ML-Differential,13,0.56,0.1514,0.29,0.2168
GIFT_ML-Differential,14,0.57,0.1479,0.24,0.2272
GIFT_ML-Differential,15,0.58,0.1449,0.25,0.2222
GIFT_ML-Differential,16,0.58,0.1445,0.24,0.2297
GIFT_ML-Differential,17,0.58,0.142,0.29,0.2245
GIFT_ML-Differential,18,0.58,0.1433,0.22,0.2379
GIFT_ML-Differential,19,0.58,0.1392,0.25,0.2334
GIFT_ML-Differential,20,0.61,0.1322,0.26,0.2464
GIFT_ML-Differential,21,0.65,0.1273,0.26,0.2428
GIFT_ML-Differential,22,0.61,0.1289,0.27,0.241
GIFT_ML-Differential,23,0.64,0.1204,0.22,0.258
GIFT_ML-Differential,24,0.7,0.1123,0.24,0.2476
