GIFT_ML-Differential,0,0.29,0.1873,0.29,0.187
GIFT_ML-Differential,1,0.3,0.1866,0.28,0.1877
GIFT_ML-Differential,2,0.3,0.1863,0.27,0.1874
GIFT_ML-Differential,3,0.34,0.1848,0.26,0.1898
GIFT_ML-Differential,4,0.38,0.1817,0.23,0.1911
GIFT_ML-Differential,5,0.37,0.1775,0.3,0.1882
GIFT_ML-Differential,6,0.45,0.1727,0.26,0.2
GIFT_ML-Differential,7,0.45,0.1655,0.25,0.2008
GIFT_ML-Differential,8,0.45,0.1618,0.28,0.1945
GIFT_ML-Differential,9,0.53,0.1558,0.28,0.1973
GIFT_ML-Differential,10,0.56,0.1485,0.27,0.206
GIFT_ML-Differential,11,0.54,0.1489,0.26,0.2065
GIFT_ML-Differential,12,0.56,0.147,0.26,0.2176
GIFT_ML-Differential,13,0.61,0.1387,0.26,0.225
GIFT_ML-Differential,14,0.61,0.1341,0.28,0.2207
GIFT_ML-Differential,15,0.62,0.132,0.27,0.226
GIFT_ML-Differential,16,0.63,0.1289,0.28,0.2283
GIFT_ML-Differential,17,0.64,0.1285,0.25,0.2227
GIFT_ML-Differential,18,0.63,0.1268,0.26,0.2334
GIFT_ML-Differential,19,0.69,0.1158,0.27,0.2321
GIFT_ML-Differential,20,0.7,0.1097,0.31,0.2294
GIFT_ML-Differential,21,0.7,0.1073,0.27,0.2284
GIFT_ML-Differential,22,0.72,0.1042,0.27,0.2314
GIFT_ML-Differential,23,0.76,0.1017,0.18,0.2705
GIFT_ML-Differential,24,0.76,0.0963,0.28,0.2314
