GIFT_ML-Differential,0,0.3,0.1871,0.23,0.187
GIFT_ML-Differential,1,0.29,0.1856,0.34,0.1858
GIFT_ML-Differential,2,0.37,0.1809,0.29,0.1894
GIFT_ML-Differential,3,0.31,0.1811,0.35,0.1833
GIFT_ML-Differential,4,0.33,0.1797,0.33,0.1836
GIFT_ML-Differential,5,0.35,0.1759,0.3,0.1894
GIFT_ML-Differential,6,0.41,0.1684,0.26,0.2035
GIFT_ML-Differential,7,0.47,0.1618,0.33,0.1952
GIFT_ML-Differential,8,0.51,0.1539,0.3,0.201
GIFT_ML-Differential,9,0.58,0.1476,0.31,0.2122
GIFT_ML-Differential,10,0.58,0.1382,0.3,0.2111
GIFT_ML-Differential,11,0.63,0.1264,0.32,0.2111
GIFT_ML-Differential,12,0.67,0.1155,0.29,0.2221
GIFT_ML-Differential,13,0.63,0.1241,0.34,0.2299
GIFT_ML-Differential,14,0.67,0.1108,0.25,0.2452
GIFT_ML-Differential,15,0.7,0.1059,0.27,0.2369
GIFT_ML-Differential,16,0.77,0.0837,0.26,0.2453
GIFT_ML-Differential,17,0.78,0.0828,0.29,0.232
GIFT_ML-Differential,18,0.79,0.0818,0.28,0.239
GIFT_ML-Differential,19,0.85,0.0621,0.23,0.2633
GIFT_ML-Differential,20,0.83,0.0583,0.32,0.2374
GIFT_ML-Differential,21,0.84,0.0596,0.32,0.2419
GIFT_ML-Differential,22,0.86,0.05,0.33,0.226
GIFT_ML-Differential,23,0.85,0.0545,0.31,0.2548
GIFT_ML-Differential,24,0.9,0.0415,0.32,0.2621
