GIFT_ML-Differential,0,0.89,0.0421,0.92,0.0286
GIFT_ML-Differential,1,0.89,0.0378,0.94,0.0226
GIFT_ML-Differential,2,0.9,0.0355,0.94,0.0258
GIFT_ML-Differential,3,0.91,0.0338,0.97,0.013
GIFT_ML-Differential,4,0.91,0.0328,0.93,0.0211
GIFT_ML-Differential,5,0.9,0.0325,0.95,0.0191
GIFT_ML-Differential,6,0.9,0.0318,0.92,0.027
GIFT_ML-Differential,7,0.91,0.031,0.94,0.0204
GIFT_ML-Differential,8,0.91,0.0304,0.91,0.0321
GIFT_ML-Differential,9,0.91,0.0295,0.95,0.0155
GIFT_ML-Differential,10,0.91,0.0289,0.94,0.0197
GIFT_ML-Differential,11,0.91,0.0282,0.95,0.0161
GIFT_ML-Differential,12,0.92,0.0276,0.93,0.0283
GIFT_ML-Differential,13,0.93,0.0271,0.96,0.0166
GIFT_ML-Differential,14,0.92,0.0268,0.94,0.0186
GIFT_ML-Differential,15,0.92,0.0263,0.93,0.0235
GIFT_ML-Differential,16,0.93,0.0254,0.94,0.0206
GIFT_ML-Differential,17,0.93,0.0253,0.93,0.0238
GIFT_ML-Differential,18,0.94,0.0251,0.93,0.0227
GIFT_ML-Differential,19,0.94,0.0248,0.97,0.0105
GIFT_ML-Differential,20,0.94,0.0244,0.94,0.02
GIFT_ML-Differential,21,0.94,0.0245,0.94,0.0212
GIFT_ML-Differential,22,0.94,0.0245,0.93,0.0276
GIFT_ML-Differential,23,0.94,0.0244,0.96,0.0151
GIFT_ML-Differential,24,0.93,0.0241,0.95,0.0165
