GIFT_ML-Differential,0,0.23,0.188,0.27,0.187
GIFT_ML-Differential,1,0.28,0.1874,0.27,0.1876
GIFT_ML-Differential,2,0.32,0.1855,0.27,0.1888
GIFT_ML-Differential,3,0.32,0.1849,0.32,0.1875
GIFT_ML-Differential,4,0.38,0.1797,0.26,0.1906
GIFT_ML-Differential,5,0.36,0.1782,0.2,0.1963
GIFT_ML-Differential,6,0.42,0.1761,0.27,0.192
GIFT_ML-Differential,7,0.43,0.1733,0.24,0.1959
GIFT_ML-Differential,8,0.41,0.1702,0.21,0.2045
GIFT_ML-Differential,9,0.46,0.1656,0.22,0.2062
GIFT_ML-Differential,10,0.45,0.165,0.23,0.213
GIFT_ML-Differential,11,0.46,0.1676,0.24,0.2076
GIFT_ML-Differential,12,0.46,0.1663,0.23,0.2188
GIFT_ML-Differential,13,0.5,0.1617,0.26,0.2162
GIFT_ML-Differential,14,0.48,0.1592,0.22,0.219
GIFT_ML-Differential,15,0.48,0.1552,0.3,0.2002
GIFT_ML-Differential,16,0.52,0.15,0.19,0.2318
GIFT_ML-Differential,17,0.56,0.1448,0.2,0.2334
GIFT_ML-Differential,18,0.58,0.1382,0.27,0.2195
GIFT_ML-Differential,19,0.6,0.1374,0.32,0.2067
GIFT_ML-Differential,20,0.61,0.136,0.28,0.23
GIFT_ML-Differential,21,0.68,0.1246,0.25,0.2301
GIFT_ML-Differential,22,0.64,0.1295,0.24,0.233
GIFT_ML-Differential,23,0.67,0.1259,0.3,0.2376
GIFT_ML-Differential,24,0.7,0.1145,0.27,0.2432
