GIFT_ML-Differential,0,0.27,0.1875,0.24,0.1876
GIFT_ML-Differential,1,0.24,0.1875,0.27,0.1878
GIFT_ML-Differential,2,0.26,0.1873,0.25,0.1883
GIFT_ML-Differential,3,0.33,0.1865,0.24,0.1885
GIFT_ML-Differential,4,0.31,0.1859,0.28,0.1875
GIFT_ML-Differential,5,0.34,0.1846,0.2,0.1916
GIFT_ML-Differential,6,0.34,0.184,0.27,0.1892
GIFT_ML-Differential,7,0.29,0.1843,0.27,0.188
GIFT_ML-Differential,8,0.32,0.1831,0.23,0.1919
GIFT_ML-Differential,9,0.28,0.1854,0.2,0.1938
GIFT_ML-Differential,10,0.32,0.184,0.24,0.192
GIFT_ML-Differential,11,0.34,0.1831,0.27,0.1895
GIFT_ML-Differential,12,0.34,0.1812,0.28,0.1917
GIFT_ML-Differential,13,0.38,0.1791,0.24,0.1992
GIFT_ML-Differential,14,0.45,0.1715,0.23,0.204
GIFT_ML-Differential,15,0.49,0.1632,0.21,0.2091
GIFT_ML-Differential,16,0.55,0.1562,0.21,0.2192
GIFT_ML-Differential,17,0.57,0.1418,0.22,0.2215
GIFT_ML-Differential,18,0.59,0.1337,0.2,0.2344
GIFT_ML-Differential,19,0.62,0.1238,0.25,0.236
GIFT_ML-Differential,20,0.66,0.1207,0.28,0.2421
GIFT_ML-Differential,21,0.65,0.1141,0.26,0.2321
GIFT_ML-Differential,22,0.68,0.1118,0.24,0.2461
GIFT_ML-Differential,23,0.72,0.0941,0.24,0.2445
GIFT_ML-Differential,24,0.7,0.1048,0.24,0.2555
