GIFT_ML-Differential,0,0.2,0.1878,0.23,0.1876
GIFT_ML-Differential,1,0.2,0.188,0.21,0.1882
GIFT_ML-Differential,2,0.23,0.1885,0.26,0.1884
GIFT_ML-Differential,3,0.21,0.1881,0.27,0.1886
GIFT_ML-Differential,4,0.28,0.1875,0.25,0.1874
GIFT_ML-Differential,5,0.3,0.1874,0.27,0.1896
GIFT_ML-Differential,6,0.29,0.1867,0.29,0.19
GIFT_ML-Differential,7,0.38,0.1833,0.25,0.195
GIFT_ML-Differential,8,0.34,0.1812,0.25,0.1909
GIFT_ML-Differential,9,0.32,0.1803,0.29,0.1904
GIFT_ML-Differential,10,0.34,0.1776,0.24,0.2015
GIFT_ML-Differential,11,0.39,0.1723,0.23,0.2033
GIFT_ML-Differential,12,0.44,0.1694,0.23,0.2085
GIFT_ML-Differential,13,0.51,0.1561,0.31,0.2061
GIFT_ML-Differential,14,0.5,0.1544,0.18,0.2241
GIFT_ML-Differential,15,0.56,0.1426,0.24,0.2162
GIFT_ML-Differential,16,0.59,0.1377,0.24,0.2272
GIFT_ML-Differential,17,0.61,0.1262,0.23,0.2291
GIFT_ML-Differential,18,0.67,0.1157,0.24,0.2282
GIFT_ML-Differential,19,0.68,0.1025,0.23,0.2438
GIFT_ML-Differential,20,0.79,0.0881,0.24,0.236
GIFT_ML-Differential,21,0.76,0.0906,0.29,0.2392
GIFT_ML-Differential,22,0.83,0.0704,0.23,0.2631
GIFT_ML-Differential,23,0.84,0.0671,0.23,0.2457
GIFT_ML-Differential,24,0.85,0.0628,0.23,0.2586
