GIFT_ML-Differential,0,0.59,0.1254,0.62,0.127
GIFT_ML-Differential,1,0.67,0.1146,0.62,0.1215
GIFT_ML-Differential,2,0.71,0.0961,0.6,0.1164
GIFT_ML-Differential,3,0.76,0.0848,0.64,0.1102
GIFT_ML-Differential,4,0.77,0.0739,0.69,0.108
GIFT_ML-Differential,5,0.82,0.0683,0.65,0.1203
GIFT_ML-Differential,6,0.83,0.0616,0.64,0.1172
GIFT_ML-Differential,7,0.83,0.0582,0.62,0.1278
GIFT_ML-Differential,8,0.85,0.0551,0.64,0.1275
GIFT_ML-Differential,9,0.86,0.053,0.66,0.1222
GIFT_ML-Differential,10,0.91,0.0375,0.72,0.1117
GIFT_ML-Differential,11,0.91,0.0349,0.67,0.1252
GIFT_ML-Differential,12,0.95,0.0275,0.62,0.1334
GIFT_ML-Differential,13,0.94,0.0273,0.67,0.1318
GIFT_ML-Differential,14,0.85,0.0514,0.65,0.1463
GIFT_ML-Differential,15,0.9,0.0376,0.63,0.1461
GIFT_ML-Differential,16,0.92,0.0332,0.68,0.1228
GIFT_ML-Differential,17,0.94,0.0243,0.65,0.1282
GIFT_ML-Differential,18,0.96,0.02,0.65,0.1455
GIFT_ML-Differential,19,0.92,0.0267,0.67,0.1292
GIFT_ML-Differential,20,0.96,0.0153,0.66,0.1352
GIFT_ML-Differential,21,0.96,0.0159,0.68,0.1399
GIFT_ML-Differential,22,0.96,0.0162,0.62,0.1523
GIFT_ML-Differential,23,0.95,0.019,0.63,0.1475
GIFT_ML-Differential,24,0.95,0.0178,0.66,0.1482
