GIFT_ML-Differential,0,0.29,0.1872,0.28,0.187
GIFT_ML-Differential,1,0.27,0.187,0.28,0.1867
GIFT_ML-Differential,2,0.3,0.1842,0.26,0.187
GIFT_ML-Differential,3,0.38,0.1804,0.33,0.1874
GIFT_ML-Differential,4,0.41,0.1737,0.33,0.1855
GIFT_ML-Differential,5,0.42,0.1686,0.26,0.1948
GIFT_ML-Differential,6,0.46,0.1645,0.23,0.1941
GIFT_ML-Differential,7,0.46,0.1626,0.28,0.1945
GIFT_ML-Differential,8,0.5,0.1623,0.26,0.2053
GIFT_ML-Differential,9,0.51,0.161,0.35,0.1956
GIFT_ML-Differential,10,0.58,0.1486,0.29,0.2037
GIFT_ML-Differential,11,0.61,0.1428,0.3,0.2087
GIFT_ML-Differential,12,0.63,0.1385,0.27,0.2163
GIFT_ML-Differential,13,0.64,0.1307,0.31,0.2075
GIFT_ML-Differential,14,0.63,0.1294,0.26,0.2155
GIFT_ML-Differential,15,0.64,0.1294,0.27,0.23
GIFT_ML-Differential,16,0.67,0.119,0.32,0.2148
GIFT_ML-Differential,17,0.67,0.1163,0.3,0.2235
GIFT_ML-Differential,18,0.61,0.1249,0.28,0.2365
GIFT_ML-Differential,19,0.68,0.1106,0.3,0.2307
GIFT_ML-Differential,20,0.74,0.1006,0.24,0.2503
GIFT_ML-Differential,21,0.78,0.0948,0.31,0.2267
GIFT_ML-Differential,22,0.74,0.0976,0.33,0.2295
GIFT_ML-Differential,23,0.72,0.102,0.3,0.228
GIFT_ML-Differential,24,0.81,0.0882,0.28,0.2394
