GIFT_ML-Differential,0,0.89,0.0371,0.93,0.0272
GIFT_ML-Differential,1,0.89,0.0406,0.93,0.0284
GIFT_ML-Differential,2,0.89,0.037,0.92,0.0315
GIFT_ML-Differential,3,0.91,0.0311,0.92,0.0265
GIFT_ML-Differential,4,0.92,0.025,0.92,0.028
GIFT_ML-Differential,5,0.93,0.0226,0.92,0.0285
GIFT_ML-Differential,6,0.94,0.0195,0.93,0.0243
GIFT_ML-Differential,7,0.94,0.0187,0.96,0.0148
GIFT_ML-Differential,8,0.94,0.0186,0.93,0.0271
GIFT_ML-Differential,9,0.93,0.0232,0.89,0.0344
GIFT_ML-Differential,10,0.95,0.0207,0.93,0.0234
GIFT_ML-Differential,11,0.95,0.0231,0.91,0.0335
GIFT_ML-Differential,12,0.94,0.0216,0.94,0.0195
GIFT_ML-Differential,13,0.94,0.0229,0.95,0.0219
GIFT_ML-Differential,14,0.94,0.0203,0.89,0.0372
GIFT_ML-Differential,15,0.93,0.0196,0.93,0.0292
GIFT_ML-Differential,16,0.96,0.0177,0.93,0.0273
GIFT_ML-Differential,17,0.94,0.0186,0.91,0.0361
GIFT_ML-Differential,18,0.94,0.0185,0.95,0.0162
GIFT_ML-Differential,19,0.94,0.0175,0.93,0.0213
GIFT_ML-Differential,20,0.95,0.0169,0.89,0.0403
GIFT_ML-Differential,21,0.96,0.0139,0.92,0.0246
GIFT_ML-Differential,22,0.94,0.0178,0.95,0.0246
GIFT_ML-Differential,23,0.95,0.0154,0.92,0.0311
GIFT_ML-Differential,24,0.96,0.0151,0.92,0.0419
