GIFT_ML-Differential,0,0.28,0.1864,0.28,0.1861
GIFT_ML-Differential,1,0.28,0.184,0.27,0.1853
GIFT_ML-Differential,2,0.33,0.1796,0.3,0.1846
GIFT_ML-Differential,3,0.39,0.1747,0.29,0.1888
GIFT_ML-Differential,4,0.41,0.1695,0.28,0.1877
GIFT_ML-Differential,5,0.43,0.1663,0.31,0.1847
GIFT_ML-Differential,6,0.47,0.162,0.28,0.1953
GIFT_ML-Differential,7,0.51,0.1563,0.29,0.2016
GIFT_ML-Differential,8,0.53,0.1478,0.34,0.195
GIFT_ML-Differential,9,0.54,0.1443,0.27,0.2051
GIFT_ML-Differential,10,0.58,0.1395,0.27,0.2113
GIFT_ML-Differential,11,0.59,0.1351,0.27,0.2093
GIFT_ML-Differential,12,0.6,0.1331,0.27,0.2107
GIFT_ML-Differential,13,0.6,0.1332,0.32,0.2165
GIFT_ML-Differential,14,0.64,0.1304,0.24,0.2286
GIFT_ML-Differential,15,0.64,0.1263,0.33,0.2116
GIFT_ML-Differential,16,0.62,0.1277,0.32,0.2151
GIFT_ML-Differential,17,0.65,0.1222,0.3,0.2136
GIFT_ML-Differential,18,0.68,0.1176,0.3,0.2184
GIFT_ML-Differential,19,0.69,0.1149,0.31,0.2246
GIFT_ML-Differential,20,0.69,0.1095,0.24,0.247
GIFT_ML-Differential,21,0.67,0.1132,0.28,0.2339
GIFT_ML-Differential,22,0.62,0.132,0.26,0.2464
GIFT_ML-Differential,23,0.69,0.1157,0.33,0.2348
GIFT_ML-Differential,24,0.69,0.1067,0.29,0.2497
