GIFT_ML-Differential,0,1.0,0.0002,1.0,0.0
GIFT_ML-Differential,1,0.99,0.0032,1.0,0.0
GIFT_ML-Differential,2,1.0,0.0,1.0,0.0
GIFT_ML-Differential,3,1.0,0.0,1.0,0.0
GIFT_ML-Differential,4,1.0,0.0,1.0,0.0
GIFT_ML-Differential,5,1.0,0.0,1.0,0.0
GIFT_ML-Differential,6,1.0,0.0,0.99,0.0016
GIFT_ML-Differential,7,1.0,0.0,1.0,0.0
GIFT_ML-Differential,8,1.0,0.0,1.0,0.0
GIFT_ML-Differential,9,1.0,0.0,1.0,0.0
GIFT_ML-Differential,10,1.0,0.0,1.0,0.0
GIFT_ML-Differential,11,1.0,0.0,1.0,0.0
GIFT_ML-Differential,12,1.0,0.0,1.0,0.0
GIFT_ML-Differential,13,1.0,0.0,1.0,0.0
GIFT_ML-Differential,14,1.0,0.0,1.0,0.0
GIFT_ML-Differential,15,1.0,0.0,1.0,0.0
GIFT_ML-Differential,16,1.0,0.0,0.99,0.0015
GIFT_ML-Differential,17,1.0,0.0,1.0,0.0
GIFT_ML-Differential,18,1.0,0.0,1.0,0.0
GIFT_ML-Differential,19,1.0,0.0,1.0,0.0
GIFT_ML-Differential,20,1.0,0.0,0.99,0.0012
GIFT_ML-Differential,21,1.0,0.0,1.0,0.0
GIFT_ML-Differential,22,1.0,0.0,1.0,0.0
GIFT_ML-Differential,23,1.0,0.0,1.0,0.0
GIFT_ML-Differential,24,1.0,0.0,1.0,0.0
