GIFT_ML-Differential,0,0.58,0.1252,0.57,0.1312
GIFT_ML-Differential,1,0.64,0.1149,0.61,0.1207
GIFT_ML-Differential,2,0.68,0.1033,0.57,0.1223
GIFT_ML-Differential,3,0.74,0.0905,0.69,0.1034
GIFT_ML-Differential,4,0.78,0.0801,0.62,0.1208
GIFT_ML-Differential,5,0.76,0.0774,0.63,0.1139
GIFT_ML-Differential,6,0.83,0.0633,0.64,0.1163
GIFT_ML-Differential,7,0.84,0.0598,0.69,0.1015
GIFT_ML-Differential,8,0.85,0.0569,0.68,0.1085
GIFT_ML-Differential,9,0.85,0.0517,0.65,0.117
GIFT_ML-Differential,10,0.84,0.0549,0.61,0.1161
GIFT_ML-Differential,11,0.85,0.0532,0.7,0.1055
GIFT_ML-Differential,12,0.87,0.047,0.65,0.1216
GIFT_ML-Differential,13,0.89,0.0428,0.67,0.1165
GIFT_ML-Differential,14,0.82,0.0547,0.71,0.1009
GIFT_ML-Differential,15,0.9,0.0398,0.69,0.1149
GIFT_ML-Differential,16,0.92,0.0362,0.65,0.1182
GIFT_ML-Differential,17,0.93,0.0329,0.68,0.119
GIFT_ML-Differential,18,0.94,0.031,0.62,0.1306
GIFT_ML-Differential,19,0.92,0.0338,0.65,0.1203
GIFT_ML-Differential,20,0.87,0.0433,0.69,0.1208
GIFT_ML-Differential,21,0.94,0.0283,0.7,0.1097
GIFT_ML-Differential,22,0.97,0.0198,0.67,0.1215
GIFT_ML-Differential,23,0.95,0.0243,0.7,0.1043
GIFT_ML-Differential,24,0.89,0.0388,0.72,0.1029
